2023-10-24 09:32:35 - Unanswered Question: cls
2023-10-24 10:12:42 - Unanswered Question: vice
2023-10-24 10:12:53 - Unanswered Question: tarif
2023-10-24 10:12:58 - Unanswered Question: tariff
2023-10-24 10:20:50 - Unanswered Question: tariff
2023-10-24 11:33:11 - Unanswered Question: l
2023-10-24 11:33:13 - Unanswered Question: s
2023-10-24 11:33:14 - Unanswered Question: 2
2023-10-24 11:33:17 - Unanswered Question: ede
2023-10-24 11:33:37 - Unanswered Question: c
2023-10-24 11:33:38 - Unanswered Question: 2
2023-10-24 11:58:59 - Unanswered Question: 3
2023-10-24 11:59:08 - Unanswered Question: d
2023-10-24 11:59:12 - Unanswered Question: vission
2023-10-25 10:52:18 - Unanswered Question: bit
2023-10-25 11:53:25 - Unanswered Question: ceo
2023-10-25 11:53:42 - Unanswered Question: bil
2023-10-25 11:53:57 - Unanswered Question: tariff
2023-10-25 11:54:03 - Unanswered Question: tarif
2023-10-25 11:54:11 - Unanswered Question: tariff
2023-10-25 11:54:57 - Unanswered Question: tariff
2023-10-25 11:55:19 - Unanswered Question: tarif
2023-10-25 11:55:28 - Unanswered Question: tariff
2023-10-25 11:56:06 - Unanswered Question: safty
2023-10-25 12:02:48 - Unanswered Question: fi
2023-10-25 12:02:50 - Unanswered Question: f
2023-10-25 15:49:47 - Unanswered Question: dcsc
2023-10-25 15:50:25 - Unanswered Question: dsd
2023-10-25 15:51:01 - Unanswered Question: f
2023-10-26 09:04:04 - Unanswered Question: g
2023-11-06 09:14:15 - Unanswered Question: 3
2023-11-30 10:35:03 - Unanswered Question: who is chireman
2023-11-30 10:36:41 - Unanswered Question: exit
2023-11-30 11:11:22 - Unanswered Question: kk
2023-12-18 15:31:36 - Unanswered Question: chaitman
